0 info it worked if it ends with ok
1 verbose cli [ '/usr/local/bin/node', '/usr/local/bin/npm', 'run', 'gh' ]
2 info using npm@3.10.8
3 info using node@v6.9.1
4 verbose run-script [ 'pregh', 'gh', 'postgh' ]
5 info lifecycle enduring-heart@1.0.0~pregh: enduring-heart@1.0.0
6 silly lifecycle enduring-heart@1.0.0~pregh: no script for pregh, continuing
7 info lifecycle enduring-heart@1.0.0~gh: enduring-heart@1.0.0
8 verbose lifecycle enduring-heart@1.0.0~gh: unsafe-perm in lifecycle true
9 verbose lifecycle enduring-heart@1.0.0~gh: PATH: /usr/local/lib/node_modules/npm/bin/node-gyp-bin:/Users/apple/WorkSpace/enduring-heart/node_modules/.bin:/usr/local/bin:/usr/bin:/bin:/usr/sbin:/sbin
10 verbose lifecycle enduring-heart@1.0.0~gh: CWD: /Users/apple/WorkSpace/enduring-heart
11 silly lifecycle enduring-heart@1.0.0~gh: Args: [ '-c', 'gh-pages pages' ]
12 silly lifecycle enduring-heart@1.0.0~gh: Returned: code: 1  signal: null
13 info lifecycle enduring-heart@1.0.0~gh: Failed to exec gh script
14 verbose stack Error: enduring-heart@1.0.0 gh: `gh-pages pages`
14 verbose stack Exit status 1
14 verbose stack     at EventEmitter.<anonymous> (/usr/local/lib/node_modules/npm/lib/utils/lifecycle.js:255:16)
14 verbose stack     at emitTwo (events.js:106:13)
14 verbose stack     at EventEmitter.emit (events.js:191:7)
14 verbose stack     at ChildProcess.<anonymous> (/usr/local/lib/node_modules/npm/lib/utils/spawn.js:40:14)
14 verbose stack     at emitTwo (events.js:106:13)
14 verbose stack     at ChildProcess.emit (events.js:191:7)
14 verbose stack     at maybeClose (internal/child_process.js:877:16)
14 verbose stack     at Process.ChildProcess._handle.onexit (internal/child_process.js:226:5)
15 verbose pkgid enduring-heart@1.0.0
16 verbose cwd /Users/apple/WorkSpace/enduring-heart
17 error Darwin 16.3.0
18 error argv "/usr/local/bin/node" "/usr/local/bin/npm" "run" "gh"
19 error node v6.9.1
20 error npm  v3.10.8
21 error code ELIFECYCLE
22 error enduring-heart@1.0.0 gh: `gh-pages pages`
22 error Exit status 1
23 error Failed at the enduring-heart@1.0.0 gh script 'gh-pages pages'.
23 error Make sure you have the latest version of node.js and npm installed.
23 error If you do, this is most likely a problem with the enduring-heart package,
23 error not with npm itself.
23 error Tell the author that this fails on your system:
23 error     gh-pages pages
23 error You can get information on how to open an issue for this project with:
23 error     npm bugs enduring-heart
23 error Or if that isn't available, you can get their info via:
23 error     npm owner ls enduring-heart
23 error There is likely additional logging output above.
24 verbose exit [ 1, true ]
